<?xml version="1.0" encoding="UTF-8"?>
<!-- Generated by org.testng.reporters.JUnitReportReporter -->
<testsuite hostname="AssemMusallam" failures="0" tests="6" name="MyTestCases" time="1.194" errors="0" timestamp="2024-06-09T20:44:57 EET" skipped="4">
  <testcase classname="MyTestCases" name="loginTest" time="0.650"/>
  <system-out/>
  <testcase classname="MyTestCases" name="findAllElementsThatHasTheTextLabs" time="0.544"/>
  <system-out/>
  <testcase classname="MyTestCases" name="addAllExceptTheThirdButtons">
    <skipped/>
  </testcase> <!-- addAllExceptTheThirdButtons -->
  <system-out/>
  <testcase classname="MyTestCases" name="addOneItemAndSkipTheNextOne">
    <skipped/>
  </testcase> <!-- addOneItemAndSkipTheNextOne -->
  <system-out/>
  <testcase classname="MyTestCases" name="addAllItems">
    <skipped/>
  </testcase> <!-- addAllItems -->
  <system-out/>
  <testcase classname="MyTestCases" name="addAllExceptTheLastTwoButtons">
    <skipped/>
  </testcase> <!-- addAllExceptTheLastTwoButtons -->
  <system-out/>
</testsuite> <!-- MyTestCases -->
